0 info it worked if it ends with ok
1 verbose cli [ '/usr/bin/node', '/usr/bin/npm', 'run', 'build' ]
2 info using npm@3.10.10
3 info using node@v6.15.1
4 verbose run-script [ 'prebuild', 'build', 'postbuild' ]
5 info lifecycle api-store@0.0.0~prebuild: api-store@0.0.0
6 silly lifecycle api-store@0.0.0~prebuild: no script for prebuild, continuing
7 info lifecycle api-store@0.0.0~build: api-store@0.0.0
8 verbose lifecycle api-store@0.0.0~build: unsafe-perm in lifecycle true
9 verbose lifecycle api-store@0.0.0~build: PATH: /usr/lib/node_modules/npm/bin/node-gyp-bin:/home/dilan/repo/app-store/component/app-store-ui/node_modules/.bin:/home/dilan/bin:/home/dilan/.local/bin:/usr/local/sbin:/usr/local/bin:/usr/sbin:/usr/bin:/sbin:/bin:/usr/games:/usr/local/games:/snap/bin:/usr/lib/jvm/java-8-oracle/bin:/usr/lib/jvm/java-8-oracle/db/bin:/usr/lib/jvm/java-8-oracle/jre/bin
10 verbose lifecycle api-store@0.0.0~build: CWD: /home/dilan/repo/app-store/component/app-store-ui
11 silly lifecycle api-store@0.0.0~build: Args: [ '-c', 'ng build --watch' ]
12 info lifecycle api-store@0.0.0~build: Failed to exec build script
13 verbose stack Error: api-store@0.0.0 build: `ng build --watch`
13 verbose stack spawn ENOENT
13 verbose stack     at ChildProcess.<anonymous> (/usr/lib/node_modules/npm/lib/utils/spawn.js:33:16)
13 verbose stack     at emitTwo (events.js:106:13)
13 verbose stack     at ChildProcess.emit (events.js:191:7)
13 verbose stack     at maybeClose (internal/child_process.js:920:16)
13 verbose stack     at Process.ChildProcess._handle.onexit (internal/child_process.js:230:5)
14 verbose pkgid api-store@0.0.0
15 verbose cwd /home/dilan/repo/app-store/component/app-store-ui
16 error Linux 4.15.0-64-generic
17 error argv "/usr/bin/node" "/usr/bin/npm" "run" "build"
18 error node v6.15.1
19 error npm  v3.10.10
20 error file sh
21 error code ELIFECYCLE
22 error errno ENOENT
23 error syscall spawn
24 error api-store@0.0.0 build: `ng build --watch`
24 error spawn ENOENT
25 error Failed at the api-store@0.0.0 build script 'ng build --watch'.
25 error Make sure you have the latest version of node.js and npm installed.
25 error If you do, this is most likely a problem with the api-store package,
25 error not with npm itself.
25 error Tell the author that this fails on your system:
25 error     ng build --watch
25 error You can get information on how to open an issue for this project with:
25 error     npm bugs api-store
25 error Or if that isn't available, you can get their info via:
25 error     npm owner ls api-store
25 error There is likely additional logging output above.
26 verbose exit [ 1, true ]